13:23:01.954 INFO - Selenium build info: version: '3.9.1', revision: '63f7b50'
13:23:01.954 INFO - Launching a standalone Selenium Server on port 4444
2018-07-24 13:23:02.121:INFO::main: Logging initialized @504ms to org.seleniumhq.jetty9.util.log.StdErrLog
2018-07-24 13:23:02.252:INFO:osjs.Server:main: jetty-9.4.7.v20170914, build timestamp: 2017-11-21T22:27:37+01:00, git hash: 82b8fb23f757335bb3329d540ce37a2a2615f0a8
2018-07-24 13:23:02.276:WARN:osjs.SecurityHandler:main: ServletContext@o.s.j.s.ServletContextHandler@7c24b813{/,null,STARTING} has uncovered http methods for path: /
2018-07-24 13:23:02.281:INFO:osjsh.ContextHandler:main: Started o.s.j.s.ServletContextHandler@7c24b813{/,null,AVAILABLE}
2018-07-24 13:23:02.313:INFO:osjs.AbstractConnector:main: Started ServerConnector@54c5a2ff{HTTP/1.1,[http/1.1]}{0.0.0.0:4444}
2018-07-24 13:23:02.314:INFO:osjs.Server:main: Started @697ms
13:23:02.314 INFO - Selenium Server is up and running on port 4444
2018-07-24 13:23:02.556:INFO:osjshC.ROOT:qtp2127036371-13: org.openqa.selenium.remote.server.WebDriverServlet-3315d2d7: Initialising WebDriverServlet
13:23:02.615 INFO - Found handler: org.openqa.selenium.remote.server.commandhandler.BeginSession@d458e75
13:23:02.618 INFO - /session: Executing POST on /session (handler: BeginSession)
13:23:02.677 INFO - Capabilities are: Capabilities {acceptSslCerts: true, browserName: chrome, javascriptEnabled: true, name: Landingpage Test}
13:23:02.679 INFO - Capabilities {acceptSslCerts: true, browserName: chrome, javascriptEnabled: true, name: Landingpage Test} matched class org.openqa.selenium.remote.server.ServicedSession$Factory (provider: org.openqa.selenium.chrome.ChromeDriverService)
Starting ChromeDriver 2.40.565386 (45a059dc425e08165f9a10324bd1380cc13ca363) on port 18435
Only local connections are allowed.
13:23:03.617 INFO - Detected dialect: OSS
13:23:04.003 INFO - Found handler: org.openqa.selenium.remote.server.ServicedSession@e8df4ae
13:23:04.003 INFO - Handler thread for session c5a0d07e8360d2ee7e622d4e8df379c4 (chrome): Executing POST on /session/c5a0d07e8360d2ee7e622d4e8df379c4/url (handler: ServicedSession)
13:23:04.005 INFO - To upstream: {"url":"http://localhost:4000"}
13:23:05.298 INFO - To downstream: {"sessionId":"c5a0d07e8360d2ee7e622d4e8df379c4","status":0,"value":null}
13:23:05.307 INFO - Found handler: org.openqa.selenium.remote.server.ServicedSession@e8df4ae
13:23:05.308 INFO - Handler thread for session c5a0d07e8360d2ee7e622d4e8df379c4 (chrome): Executing POST on /session/c5a0d07e8360d2ee7e622d4e8df379c4/elements (handler: ServicedSession)
13:23:05.309 INFO - To upstream: {"using":"css selector","value":"body"}
13:23:05.325 INFO - To downstream: {"sessionId":"c5a0d07e8360d2ee7e622d4e8df379c4","status":0,"value":[{"ELEMENT":"0.6909056051325804-1"}]}
13:23:05.332 INFO - Found handler: org.openqa.selenium.remote.server.ServicedSession@e8df4ae
13:23:05.333 INFO - Handler thread for session c5a0d07e8360d2ee7e622d4e8df379c4 (chrome): Executing GET on /session/c5a0d07e8360d2ee7e622d4e8df379c4/element/0.6909056051325804-1/displayed (handler: ServicedSession)
13:23:05.347 INFO - To downstream: {"sessionId":"c5a0d07e8360d2ee7e622d4e8df379c4","status":0,"value":true}
13:23:05.353 INFO - Found handler: org.openqa.selenium.remote.server.ServicedSession@e8df4ae
13:23:05.353 INFO - Handler thread for session c5a0d07e8360d2ee7e622d4e8df379c4 (chrome): Executing POST on /session/c5a0d07e8360d2ee7e622d4e8df379c4/element (handler: ServicedSession)
13:23:05.355 INFO - To upstream: {"using":"css selector","value":"h1"}
13:23:05.367 INFO - To downstream: {"sessionId":"c5a0d07e8360d2ee7e622d4e8df379c4","status":0,"value":{"ELEMENT":"0.6909056051325804-2"}}
13:23:05.371 INFO - Found handler: org.openqa.selenium.remote.server.ServicedSession@e8df4ae
13:23:05.371 INFO - Handler thread for session c5a0d07e8360d2ee7e622d4e8df379c4 (chrome): Executing GET on /session/c5a0d07e8360d2ee7e622d4e8df379c4/element/0.6909056051325804-2/displayed (handler: ServicedSession)
13:23:05.384 INFO - To downstream: {"sessionId":"c5a0d07e8360d2ee7e622d4e8df379c4","status":0,"value":true}
13:23:05.388 INFO - Found handler: org.openqa.selenium.remote.server.ServicedSession@e8df4ae
13:23:05.388 INFO - Handler thread for session c5a0d07e8360d2ee7e622d4e8df379c4 (chrome): Executing POST on /session/c5a0d07e8360d2ee7e622d4e8df379c4/element (handler: ServicedSession)
13:23:05.390 INFO - To upstream: {"using":"css selector","value":"h3"}
13:23:05.402 INFO - To downstream: {"sessionId":"c5a0d07e8360d2ee7e622d4e8df379c4","status":0,"value":{"ELEMENT":"0.6909056051325804-3"}}
13:23:05.406 INFO - Found handler: org.openqa.selenium.remote.server.ServicedSession@e8df4ae
13:23:05.406 INFO - Handler thread for session c5a0d07e8360d2ee7e622d4e8df379c4 (chrome): Executing GET on /session/c5a0d07e8360d2ee7e622d4e8df379c4/element/0.6909056051325804-3/displayed (handler: ServicedSession)
13:23:05.420 INFO - To downstream: {"sessionId":"c5a0d07e8360d2ee7e622d4e8df379c4","status":0,"value":true}
13:23:05.424 INFO - Found handler: org.openqa.selenium.remote.server.ServicedSession@e8df4ae
13:23:05.424 INFO - Handler thread for session c5a0d07e8360d2ee7e622d4e8df379c4 (chrome): Executing POST on /session/c5a0d07e8360d2ee7e622d4e8df379c4/element (handler: ServicedSession)
13:23:05.425 INFO - To upstream: {"using":"css selector","value":"button"}
13:23:05.438 INFO - To downstream: {"sessionId":"c5a0d07e8360d2ee7e622d4e8df379c4","status":0,"value":{"ELEMENT":"0.6909056051325804-4"}}
13:23:05.441 INFO - Found handler: org.openqa.selenium.remote.server.ServicedSession@e8df4ae
13:23:05.441 INFO - Handler thread for session c5a0d07e8360d2ee7e622d4e8df379c4 (chrome): Executing GET on /session/c5a0d07e8360d2ee7e622d4e8df379c4/element/0.6909056051325804-4/displayed (handler: ServicedSession)
13:23:05.454 INFO - To downstream: {"sessionId":"c5a0d07e8360d2ee7e622d4e8df379c4","status":0,"value":true}
13:23:05.457 INFO - Found handler: org.openqa.selenium.remote.server.ServicedSession@e8df4ae
13:23:05.458 INFO - Handler thread for session c5a0d07e8360d2ee7e622d4e8df379c4 (chrome): Executing POST on /session/c5a0d07e8360d2ee7e622d4e8df379c4/element (handler: ServicedSession)
13:23:05.459 INFO - To upstream: {"using":"css selector","value":"h1"}
13:23:05.465 INFO - To downstream: {"sessionId":"c5a0d07e8360d2ee7e622d4e8df379c4","status":0,"value":{"ELEMENT":"0.6909056051325804-2"}}
13:23:05.468 INFO - Found handler: org.openqa.selenium.remote.server.ServicedSession@e8df4ae
13:23:05.469 INFO - Handler thread for session c5a0d07e8360d2ee7e622d4e8df379c4 (chrome): Executing GET on /session/c5a0d07e8360d2ee7e622d4e8df379c4/element/0.6909056051325804-2/text (handler: ServicedSession)
13:23:05.486 INFO - To downstream: {"sessionId":"c5a0d07e8360d2ee7e622d4e8df379c4","status":0,"value":"Welcome to WeConnect"}
13:23:05.490 INFO - Found handler: org.openqa.selenium.remote.server.ServicedSession@e8df4ae
13:23:05.490 INFO - Handler thread for session c5a0d07e8360d2ee7e622d4e8df379c4 (chrome): Executing POST on /session/c5a0d07e8360d2ee7e622d4e8df379c4/element (handler: ServicedSession)
13:23:05.491 INFO - To upstream: {"using":"css selector","value":"h3"}
13:23:05.498 INFO - To downstream: {"sessionId":"c5a0d07e8360d2ee7e622d4e8df379c4","status":0,"value":{"ELEMENT":"0.6909056051325804-3"}}
13:23:05.501 INFO - Found handler: org.openqa.selenium.remote.server.ServicedSession@e8df4ae
13:23:05.501 INFO - Handler thread for session c5a0d07e8360d2ee7e622d4e8df379c4 (chrome): Executing GET on /session/c5a0d07e8360d2ee7e622d4e8df379c4/element/0.6909056051325804-3/text (handler: ServicedSession)
13:23:05.515 INFO - To downstream: {"sessionId":"c5a0d07e8360d2ee7e622d4e8df379c4","status":0,"value":"Here, we make it easier for you to reach businesses faster"}
13:23:05.519 INFO - Found handler: org.openqa.selenium.remote.server.ServicedSession@e8df4ae
13:23:05.519 INFO - Handler thread for session c5a0d07e8360d2ee7e622d4e8df379c4 (chrome): Executing POST on /session/c5a0d07e8360d2ee7e622d4e8df379c4/element (handler: ServicedSession)
13:23:05.520 INFO - To upstream: {"using":"css selector","value":"footer"}
13:23:05.533 INFO - To downstream: {"sessionId":"c5a0d07e8360d2ee7e622d4e8df379c4","status":0,"value":{"ELEMENT":"0.6909056051325804-5"}}
13:23:05.536 INFO - Found handler: org.openqa.selenium.remote.server.ServicedSession@e8df4ae
13:23:05.536 INFO - Handler thread for session c5a0d07e8360d2ee7e622d4e8df379c4 (chrome): Executing GET on /session/c5a0d07e8360d2ee7e622d4e8df379c4/element/0.6909056051325804-5/displayed (handler: ServicedSession)
13:23:05.550 INFO - To downstream: {"sessionId":"c5a0d07e8360d2ee7e622d4e8df379c4","status":0,"value":true}
13:23:05.556 INFO - Found handler: org.openqa.selenium.remote.server.ServicedSession@e8df4ae
13:23:05.556 INFO - Handler thread for session c5a0d07e8360d2ee7e622d4e8df379c4 (chrome): Executing POST on /session/c5a0d07e8360d2ee7e622d4e8df379c4/element (handler: ServicedSession)
13:23:05.558 INFO - To upstream: {"using":"css selector","value":"#explore-button"}
13:23:05.576 INFO - To downstream: {"sessionId":"c5a0d07e8360d2ee7e622d4e8df379c4","status":0,"value":{"ELEMENT":"0.6909056051325804-6"}}
13:23:05.580 INFO - Found handler: org.openqa.selenium.remote.server.ServicedSession@e8df4ae
13:23:05.581 INFO - Handler thread for session c5a0d07e8360d2ee7e622d4e8df379c4 (chrome): Executing GET on /session/c5a0d07e8360d2ee7e622d4e8df379c4/element/0.6909056051325804-6/text (handler: ServicedSession)
13:23:05.597 INFO - To downstream: {"sessionId":"c5a0d07e8360d2ee7e622d4e8df379c4","status":0,"value":"Explore"}
13:23:05.602 INFO - Found handler: org.openqa.selenium.remote.server.ServicedSession@e8df4ae
13:23:05.603 INFO - Handler thread for session c5a0d07e8360d2ee7e622d4e8df379c4 (chrome): Executing DELETE on /session/c5a0d07e8360d2ee7e622d4e8df379c4 (handler: ServicedSession)
13:23:05.655 INFO - To downstream: {"sessionId":"c5a0d07e8360d2ee7e622d4e8df379c4","status":0,"value":null}
13:23:05.658 INFO - Removing session org.openqa.selenium.remote.server.ServicedSession@e8df4ae
13:23:05.672 INFO - Found handler: org.openqa.selenium.remote.server.commandhandler.BeginSession@67131ffb
13:23:05.672 INFO - /session: Executing POST on /session (handler: BeginSession)
13:23:05.675 INFO - Capabilities are: Capabilities {acceptSslCerts: true, browserName: chrome, javascriptEnabled: true, name: User Functionality Test}
13:23:05.676 INFO - Capabilities {acceptSslCerts: true, browserName: chrome, javascriptEnabled: true, name: User Functionality Test} matched class org.openqa.selenium.remote.server.ServicedSession$Factory (provider: org.openqa.selenium.chrome.ChromeDriverService)
13:23:05.678 INFO - To downstream: {"sessionId":"","status":0,"value":null}
Starting ChromeDriver 2.40.565386 (45a059dc425e08165f9a10324bd1380cc13ca363) on port 34729
Only local connections are allowed.
13:23:06.402 INFO - Detected dialect: OSS
13:23:06.490 INFO - Found handler: org.openqa.selenium.remote.server.ServicedSession@2837b5e4
13:23:06.490 INFO - Handler thread for session c61cfee6af05e20c42ed6da025813bc2 (chrome): Executing POST on /session/c61cfee6af05e20c42ed6da025813bc2/url (handler: ServicedSession)
13:23:06.492 INFO - To upstream: {"url":"http://localhost:4000/login"}
13:23:07.784 INFO - To downstream: {"sessionId":"c61cfee6af05e20c42ed6da025813bc2","status":0,"value":null}
13:23:07.790 INFO - Found handler: org.openqa.selenium.remote.server.ServicedSession@2837b5e4
13:23:07.790 INFO - Handler thread for session c61cfee6af05e20c42ed6da025813bc2 (chrome): Executing POST on /session/c61cfee6af05e20c42ed6da025813bc2/elements (handler: ServicedSession)
13:23:07.791 INFO - To upstream: {"using":"css selector","value":"body"}
13:23:07.805 INFO - To downstream: {"sessionId":"c61cfee6af05e20c42ed6da025813bc2","status":0,"value":[{"ELEMENT":"0.24304226228917725-1"}]}
13:23:07.808 INFO - Found handler: org.openqa.selenium.remote.server.ServicedSession@2837b5e4
13:23:07.808 INFO - Handler thread for session c61cfee6af05e20c42ed6da025813bc2 (chrome): Executing GET on /session/c61cfee6af05e20c42ed6da025813bc2/element/0.24304226228917725-1/displayed (handler: ServicedSession)
13:23:07.818 INFO - To downstream: {"sessionId":"c61cfee6af05e20c42ed6da025813bc2","status":0,"value":true}
13:23:07.822 INFO - Found handler: org.openqa.selenium.remote.server.ServicedSession@2837b5e4
13:23:07.822 INFO - Handler thread for session c61cfee6af05e20c42ed6da025813bc2 (chrome): Executing POST on /session/c61cfee6af05e20c42ed6da025813bc2/element (handler: ServicedSession)
13:23:07.823 INFO - To upstream: {"using":"css selector","value":"input[name=username]"}
13:23:07.833 INFO - To downstream: {"sessionId":"c61cfee6af05e20c42ed6da025813bc2","status":0,"value":{"ELEMENT":"0.24304226228917725-2"}}
13:23:07.837 INFO - Found handler: org.openqa.selenium.remote.server.ServicedSession@2837b5e4
13:23:07.838 INFO - Handler thread for session c61cfee6af05e20c42ed6da025813bc2 (chrome): Executing POST on /session/c61cfee6af05e20c42ed6da025813bc2/element/0.24304226228917725-2/value (handler: ServicedSession)
13:23:07.838 INFO - To upstream: {"value":["m","a","l","i","e","n","u","s"]}
13:23:07.938 INFO - To downstream: {"sessionId":"c61cfee6af05e20c42ed6da025813bc2","status":0,"value":null}
13:23:07.942 INFO - Found handler: org.openqa.selenium.remote.server.ServicedSession@2837b5e4
13:23:07.942 INFO - Handler thread for session c61cfee6af05e20c42ed6da025813bc2 (chrome): Executing POST on /session/c61cfee6af05e20c42ed6da025813bc2/element (handler: ServicedSession)
13:23:07.943 INFO - To upstream: {"using":"css selector","value":"input[name=password]"}
13:23:07.954 INFO - To downstream: {"sessionId":"c61cfee6af05e20c42ed6da025813bc2","status":0,"value":{"ELEMENT":"0.24304226228917725-3"}}
13:23:07.957 INFO - Found handler: org.openqa.selenium.remote.server.ServicedSession@2837b5e4
13:23:07.957 INFO - Handler thread for session c61cfee6af05e20c42ed6da025813bc2 (chrome): Executing POST on /session/c61cfee6af05e20c42ed6da025813bc2/element/0.24304226228917725-3/value (handler: ServicedSession)
13:23:07.958 INFO - To upstream: {"value":["m","a","l","i","e","n","u","s"]}
13:23:08.018 INFO - To downstream: {"sessionId":"c61cfee6af05e20c42ed6da025813bc2","status":0,"value":null}
13:23:08.021 INFO - Found handler: org.openqa.selenium.remote.server.ServicedSession@2837b5e4
13:23:08.022 INFO - Handler thread for session c61cfee6af05e20c42ed6da025813bc2 (chrome): Executing POST on /session/c61cfee6af05e20c42ed6da025813bc2/element (handler: ServicedSession)
13:23:08.023 INFO - To upstream: {"using":"css selector","value":"#submit-button"}
13:23:08.033 INFO - To downstream: {"sessionId":"c61cfee6af05e20c42ed6da025813bc2","status":0,"value":{"ELEMENT":"0.24304226228917725-4"}}
13:23:08.037 INFO - Found handler: org.openqa.selenium.remote.server.ServicedSession@2837b5e4
13:23:08.037 INFO - Handler thread for session c61cfee6af05e20c42ed6da025813bc2 (chrome): Executing POST on /session/c61cfee6af05e20c42ed6da025813bc2/element/0.24304226228917725-4/click (handler: ServicedSession)
13:23:08.039 INFO - To upstream: 
13:23:08.100 INFO - To downstream: {"sessionId":"c61cfee6af05e20c42ed6da025813bc2","status":0,"value":null}
13:23:08.106 INFO - Found handler: org.openqa.selenium.remote.server.ServicedSession@2837b5e4
13:23:08.107 INFO - Handler thread for session c61cfee6af05e20c42ed6da025813bc2 (chrome): Executing POST on /session/c61cfee6af05e20c42ed6da025813bc2/url (handler: ServicedSession)
13:23:08.108 INFO - To upstream: {"url":"http://localhost:4000/signup"}
13:23:08.656 INFO - To downstream: {"sessionId":"c61cfee6af05e20c42ed6da025813bc2","status":0,"value":null}
13:23:08.660 INFO - Found handler: org.openqa.selenium.remote.server.ServicedSession@2837b5e4
13:23:08.661 INFO - Handler thread for session c61cfee6af05e20c42ed6da025813bc2 (chrome): Executing POST on /session/c61cfee6af05e20c42ed6da025813bc2/elements (handler: ServicedSession)
13:23:08.663 INFO - To upstream: {"using":"css selector","value":"body"}
13:23:08.691 INFO - To downstream: {"sessionId":"c61cfee6af05e20c42ed6da025813bc2","status":0,"value":[{"ELEMENT":"0.596213400502698-1"}]}
13:23:08.694 INFO - Found handler: org.openqa.selenium.remote.server.ServicedSession@2837b5e4
13:23:08.694 INFO - Handler thread for session c61cfee6af05e20c42ed6da025813bc2 (chrome): Executing GET on /session/c61cfee6af05e20c42ed6da025813bc2/element/0.596213400502698-1/displayed (handler: ServicedSession)
13:23:08.709 INFO - To downstream: {"sessionId":"c61cfee6af05e20c42ed6da025813bc2","status":0,"value":true}
13:23:08.712 INFO - Found handler: org.openqa.selenium.remote.server.ServicedSession@2837b5e4
13:23:08.712 INFO - Handler thread for session c61cfee6af05e20c42ed6da025813bc2 (chrome): Executing POST on /session/c61cfee6af05e20c42ed6da025813bc2/element (handler: ServicedSession)
13:23:08.713 INFO - To upstream: {"using":"css selector","value":"input[name=username]"}
13:23:08.719 INFO - To downstream: {"sessionId":"c61cfee6af05e20c42ed6da025813bc2","status":0,"value":{"ELEMENT":"0.596213400502698-2"}}
13:23:08.721 INFO - Found handler: org.openqa.selenium.remote.server.ServicedSession@2837b5e4
13:23:08.721 INFO - Handler thread for session c61cfee6af05e20c42ed6da025813bc2 (chrome): Executing POST on /session/c61cfee6af05e20c42ed6da025813bc2/element/0.596213400502698-2/value (handler: ServicedSession)
13:23:08.722 INFO - To upstream: {"value":[" "]}
13:23:08.763 INFO - To downstream: {"sessionId":"c61cfee6af05e20c42ed6da025813bc2","status":0,"value":null}
13:23:08.767 INFO - Found handler: org.openqa.selenium.remote.server.ServicedSession@2837b5e4
13:23:08.767 INFO - Handler thread for session c61cfee6af05e20c42ed6da025813bc2 (chrome): Executing POST on /session/c61cfee6af05e20c42ed6da025813bc2/element (handler: ServicedSession)
13:23:08.769 INFO - To upstream: {"using":"css selector","value":"input[name=email]"}
13:23:08.780 INFO - To downstream: {"sessionId":"c61cfee6af05e20c42ed6da025813bc2","status":0,"value":{"ELEMENT":"0.596213400502698-3"}}
13:23:08.782 INFO - Found handler: org.openqa.selenium.remote.server.ServicedSession@2837b5e4
13:23:08.783 INFO - Handler thread for session c61cfee6af05e20c42ed6da025813bc2 (chrome): Executing POST on /session/c61cfee6af05e20c42ed6da025813bc2/element/0.596213400502698-3/value (handler: ServicedSession)
13:23:08.784 INFO - To upstream: {"value":[" "]}
13:23:08.814 INFO - To downstream: {"sessionId":"c61cfee6af05e20c42ed6da025813bc2","status":0,"value":null}
13:23:08.817 INFO - Found handler: org.openqa.selenium.remote.server.ServicedSession@2837b5e4
13:23:08.817 INFO - Handler thread for session c61cfee6af05e20c42ed6da025813bc2 (chrome): Executing POST on /session/c61cfee6af05e20c42ed6da025813bc2/element (handler: ServicedSession)
13:23:08.818 INFO - To upstream: {"using":"css selector","value":"input[name=password]"}
13:23:08.823 INFO - To downstream: {"sessionId":"c61cfee6af05e20c42ed6da025813bc2","status":0,"value":{"ELEMENT":"0.596213400502698-4"}}
13:23:08.826 INFO - Found handler: org.openqa.selenium.remote.server.ServicedSession@2837b5e4
13:23:08.826 INFO - Handler thread for session c61cfee6af05e20c42ed6da025813bc2 (chrome): Executing POST on /session/c61cfee6af05e20c42ed6da025813bc2/element/0.596213400502698-4/value (handler: ServicedSession)
13:23:08.827 INFO - To upstream: {"value":["m","a","l","i","e","n","u","s"]}
13:23:08.891 INFO - To downstream: {"sessionId":"c61cfee6af05e20c42ed6da025813bc2","status":0,"value":null}
13:23:08.894 INFO - Found handler: org.openqa.selenium.remote.server.ServicedSession@2837b5e4
13:23:08.894 INFO - Handler thread for session c61cfee6af05e20c42ed6da025813bc2 (chrome): Executing POST on /session/c61cfee6af05e20c42ed6da025813bc2/element (handler: ServicedSession)
13:23:08.896 INFO - To upstream: {"using":"css selector","value":"#submit-button"}
13:23:08.903 INFO - To downstream: {"sessionId":"c61cfee6af05e20c42ed6da025813bc2","status":0,"value":{"ELEMENT":"0.596213400502698-5"}}
13:23:08.905 INFO - Found handler: org.openqa.selenium.remote.server.ServicedSession@2837b5e4
13:23:08.906 INFO - Handler thread for session c61cfee6af05e20c42ed6da025813bc2 (chrome): Executing POST on /session/c61cfee6af05e20c42ed6da025813bc2/element/0.596213400502698-5/click (handler: ServicedSession)
13:23:08.906 INFO - To upstream: 
13:23:08.965 INFO - To downstream: {"sessionId":"c61cfee6af05e20c42ed6da025813bc2","status":0,"value":null}
13:23:08.968 INFO - Found handler: org.openqa.selenium.remote.server.ServicedSession@2837b5e4
13:23:08.969 INFO - Handler thread for session c61cfee6af05e20c42ed6da025813bc2 (chrome): Executing POST on /session/c61cfee6af05e20c42ed6da025813bc2/elements (handler: ServicedSession)
13:23:08.970 INFO - To upstream: {"using":"css selector","value":".toast-message"}
13:23:09.000 INFO - To downstream: {"sessionId":"c61cfee6af05e20c42ed6da025813bc2","status":0,"value":[{"ELEMENT":"0.596213400502698-6"},{"ELEMENT":"0.596213400502698-7"}]}
13:23:09.005 INFO - Found handler: org.openqa.selenium.remote.server.ServicedSession@2837b5e4
13:23:09.005 INFO - Handler thread for session c61cfee6af05e20c42ed6da025813bc2 (chrome): Executing GET on /session/c61cfee6af05e20c42ed6da025813bc2/element/0.596213400502698-6/displayed (handler: ServicedSession)
13:23:09.017 INFO - To downstream: {"sessionId":"c61cfee6af05e20c42ed6da025813bc2","status":0,"value":true}
13:23:09.021 INFO - Found handler: org.openqa.selenium.remote.server.ServicedSession@2837b5e4
13:23:09.022 INFO - Handler thread for session c61cfee6af05e20c42ed6da025813bc2 (chrome): Executing POST on /session/c61cfee6af05e20c42ed6da025813bc2/element (handler: ServicedSession)
13:23:09.023 INFO - To upstream: {"using":"css selector","value":".toast-message"}
13:23:09.035 INFO - To downstream: {"sessionId":"c61cfee6af05e20c42ed6da025813bc2","status":0,"value":{"ELEMENT":"0.596213400502698-6"}}
13:23:09.038 INFO - Found handler: org.openqa.selenium.remote.server.ServicedSession@2837b5e4
13:23:09.038 INFO - Handler thread for session c61cfee6af05e20c42ed6da025813bc2 (chrome): Executing GET on /session/c61cfee6af05e20c42ed6da025813bc2/element/0.596213400502698-6/text (handler: ServicedSession)
13:23:09.051 INFO - To downstream: {"sessionId":"c61cfee6af05e20c42ed6da025813bc2","status":0,"value":"Email cannot be empty or invalid"}
13:23:09.054 INFO - Found handler: org.openqa.selenium.remote.server.ServicedSession@2837b5e4
13:23:09.055 INFO - Handler thread for session c61cfee6af05e20c42ed6da025813bc2 (chrome): Executing POST on /session/c61cfee6af05e20c42ed6da025813bc2/url (handler: ServicedSession)
13:23:09.056 INFO - To upstream: {"url":"http://localhost:4000/signup"}
13:23:09.210 INFO - To downstream: {"sessionId":"c61cfee6af05e20c42ed6da025813bc2","status":0,"value":null}
13:23:09.214 INFO - Found handler: org.openqa.selenium.remote.server.ServicedSession@2837b5e4
13:23:09.215 INFO - Handler thread for session c61cfee6af05e20c42ed6da025813bc2 (chrome): Executing POST on /session/c61cfee6af05e20c42ed6da025813bc2/elements (handler: ServicedSession)
13:23:09.225 INFO - To upstream: {"using":"css selector","value":"body"}
13:23:09.237 INFO - To downstream: {"sessionId":"c61cfee6af05e20c42ed6da025813bc2","status":0,"value":[{"ELEMENT":"0.5391730744876402-1"}]}
13:23:09.241 INFO - Found handler: org.openqa.selenium.remote.server.ServicedSession@2837b5e4
13:23:09.241 INFO - Handler thread for session c61cfee6af05e20c42ed6da025813bc2 (chrome): Executing GET on /session/c61cfee6af05e20c42ed6da025813bc2/element/0.5391730744876402-1/displayed (handler: ServicedSession)
13:23:09.261 INFO - To downstream: {"sessionId":"c61cfee6af05e20c42ed6da025813bc2","status":0,"value":true}
13:23:09.264 INFO - Found handler: org.openqa.selenium.remote.server.ServicedSession@2837b5e4
13:23:09.265 INFO - Handler thread for session c61cfee6af05e20c42ed6da025813bc2 (chrome): Executing POST on /session/c61cfee6af05e20c42ed6da025813bc2/element (handler: ServicedSession)
13:23:09.266 INFO - To upstream: {"using":"css selector","value":"input[name=username]"}
13:23:09.272 INFO - To downstream: {"sessionId":"c61cfee6af05e20c42ed6da025813bc2","status":0,"value":{"ELEMENT":"0.5391730744876402-2"}}
13:23:09.275 INFO - Found handler: org.openqa.selenium.remote.server.ServicedSession@2837b5e4
13:23:09.275 INFO - Handler thread for session c61cfee6af05e20c42ed6da025813bc2 (chrome): Executing POST on /session/c61cfee6af05e20c42ed6da025813bc2/element/0.5391730744876402-2/value (handler: ServicedSession)
13:23:09.276 INFO - To upstream: {"value":["m","a","l","i","e","n","u","s"]}
13:23:09.354 INFO - To downstream: {"sessionId":"c61cfee6af05e20c42ed6da025813bc2","status":0,"value":null}
13:23:09.357 INFO - Found handler: org.openqa.selenium.remote.server.ServicedSession@2837b5e4
13:23:09.357 INFO - Handler thread for session c61cfee6af05e20c42ed6da025813bc2 (chrome): Executing POST on /session/c61cfee6af05e20c42ed6da025813bc2/element (handler: ServicedSession)
13:23:09.358 INFO - To upstream: {"using":"css selector","value":"input[name=email]"}
13:23:09.363 INFO - To downstream: {"sessionId":"c61cfee6af05e20c42ed6da025813bc2","status":0,"value":{"ELEMENT":"0.5391730744876402-3"}}
13:23:09.366 INFO - Found handler: org.openqa.selenium.remote.server.ServicedSession@2837b5e4
13:23:09.366 INFO - Handler thread for session c61cfee6af05e20c42ed6da025813bc2 (chrome): Executing POST on /session/c61cfee6af05e20c42ed6da025813bc2/element/0.5391730744876402-3/value (handler: ServicedSession)
13:23:09.367 INFO - To upstream: {"value":["m","a","l","i","e","n","u","s","@","g","m","a","i","l",".","c","o","m"]}
13:23:09.483 INFO - To downstream: {"sessionId":"c61cfee6af05e20c42ed6da025813bc2","status":0,"value":null}
13:23:09.485 INFO - Found handler: org.openqa.selenium.remote.server.ServicedSession@2837b5e4
13:23:09.485 INFO - Handler thread for session c61cfee6af05e20c42ed6da025813bc2 (chrome): Executing POST on /session/c61cfee6af05e20c42ed6da025813bc2/element (handler: ServicedSession)
13:23:09.486 INFO - To upstream: {"using":"css selector","value":"input[name=password]"}
13:23:09.492 INFO - To downstream: {"sessionId":"c61cfee6af05e20c42ed6da025813bc2","status":0,"value":{"ELEMENT":"0.5391730744876402-4"}}
13:23:09.494 INFO - Found handler: org.openqa.selenium.remote.server.ServicedSession@2837b5e4
13:23:09.494 INFO - Handler thread for session c61cfee6af05e20c42ed6da025813bc2 (chrome): Executing POST on /session/c61cfee6af05e20c42ed6da025813bc2/element/0.5391730744876402-4/value (handler: ServicedSession)
13:23:09.495 INFO - To upstream: {"value":["m","a","l","i","e","n","u","s"]}
13:23:09.577 INFO - To downstream: {"sessionId":"c61cfee6af05e20c42ed6da025813bc2","status":0,"value":null}
13:23:09.580 INFO - Found handler: org.openqa.selenium.remote.server.ServicedSession@2837b5e4
13:23:09.581 INFO - Handler thread for session c61cfee6af05e20c42ed6da025813bc2 (chrome): Executing POST on /session/c61cfee6af05e20c42ed6da025813bc2/element (handler: ServicedSession)
13:23:09.582 INFO - To upstream: {"using":"css selector","value":"#submit-button"}
13:23:09.589 INFO - To downstream: {"sessionId":"c61cfee6af05e20c42ed6da025813bc2","status":0,"value":{"ELEMENT":"0.5391730744876402-5"}}
13:23:09.591 INFO - Found handler: org.openqa.selenium.remote.server.ServicedSession@2837b5e4
13:23:09.591 INFO - Handler thread for session c61cfee6af05e20c42ed6da025813bc2 (chrome): Executing POST on /session/c61cfee6af05e20c42ed6da025813bc2/element/0.5391730744876402-5/click (handler: ServicedSession)
13:23:09.592 INFO - To upstream: 
13:23:09.642 INFO - To downstream: {"sessionId":"c61cfee6af05e20c42ed6da025813bc2","status":0,"value":null}
